<?xml version="1.0" encoding="UTF-8"?>
<testng-results skipped="0" failed="0" ignored="0" total="1" passed="1">
  <reporter-output>
  </reporter-output>
  <suite name="Failed suite [OpenCart TestSuite]" duration-ms="19556" started-at="2021-10-22T06:50:55 IST" finished-at="2021-10-22T06:51:14 IST">
    <groups>
      <group name="regression">
        <method signature="TC_001_AccountRegistration.test_account_Registration()[pri:0, instance:testCases.TC_001_AccountRegistration@4d1b0d2a]" name="test_account_Registration" class="testCases.TC_001_AccountRegistration"/>
      </group> <!-- regression -->
      <group name="master">
        <method signature="TC_001_AccountRegistration.test_account_Registration()[pri:0, instance:testCases.TC_001_AccountRegistration@4d1b0d2a]" name="test_account_Registration" class="testCases.TC_001_AccountRegistration"/>
      </group> <!-- master -->
    </groups>
    <test name="OpenCart Tests(failed)" duration-ms="19556" started-at="2021-10-22T06:50:55 IST" finished-at="2021-10-22T06:51:14 IST">
      <class name="testCases.TC_001_AccountRegistration">
        <test-method status="PASS" signature="setup(java.lang.String)[pri:0, instance:testCases.TC_001_AccountRegistration@4d1b0d2a]" name="setup" is-config="true" duration-ms="5422" started-at="2021-10-22T06:50:55 IST" finished-at="2021-10-22T06:51:01 IST">
          <params>
            <param index="0">
              <value>
                <![CDATA[chrome]]>
              </value>
            </param>
          </params>
          <reporter-output>
          </reporter-output>
        </test-method> <!-- setup -->
        <test-method status="PASS" signature="test_account_Registration()[pri:0, instance:testCases.TC_001_AccountRegistration@4d1b0d2a]" name="test_account_Registration" duration-ms="12141" started-at="2021-10-22T06:51:01 IST" finished-at="2021-10-22T06:51:13 IST">
          <reporter-output>
          </reporter-output>
        </test-method> <!-- test_account_Registration -->
        <test-method status="PASS" signature="teadDown()[pri:0, instance:testCases.TC_001_AccountRegistration@4d1b0d2a]" name="teadDown" is-config="true" duration-ms="1494" started-at="2021-10-22T06:51:13 IST" finished-at="2021-10-22T06:51:14 IST">
          <reporter-output>
          </reporter-output>
        </test-method> <!-- teadDown -->
      </class> <!-- testCases.TC_001_AccountRegistration -->
    </test> <!-- OpenCart Tests(failed) -->
  </suite> <!-- Failed suite [OpenCart TestSuite] -->
</testng-results>
